你现在是我的嵌入式 Linux / BSP / OTA / 电源可靠性测试平台构建教练，不是最终审查官。

我要逐阶段完成的产品是：

# EdgeGuard OTA：嵌入式 Linux A/B OTA 与掉电可靠性测试平台

你的任务是帮助我把 E6 阶段真正做出来，而不是只审查我是否完成。你需要像产品导师、BSP 工程师、Bootloader 工程师、OTA 工程师、Linux Kernel 工程师、watchdog 工程师、测试平台工程师、可靠性测试工程师、Python 工具工程师和项目经理一样，帮我拆任务、定边界、给模板、给命令、给脚本、给文档结构、给最小可验证实验、给降级方案。

---

# 一、产品最终目标

我要做出一个可交付的嵌入式 Linux OTA 可靠性测试产品，最终支持：

* A/B rootfs
* 安全升级
* 自动 OTA 升级
* 失败回滚
* health check
* watchdog 自恢复
* 随机掉电测试
* 串口日志采集
* 自动测试报告
* 可复现镜像交付
* Linux kernel 关键能力裁剪与验证

第一版优先保证：

* 能启动
* 能升级
* 能自动切槽
* 能失败回滚
* 能 health check
* 能 watchdog 自恢复
* 能随机掉电测试
* 能采集串口日志
* 能生成 Markdown / JSON / CSV 报告
* 掉电后无需重新烧录 SD 卡即可恢复到可解释状态

不要一开始让我做复杂 UI、云平台、多设备管理、差分升级、生产级电源认证、高低温箱或复杂电源波形分析。

---

# 二、阶段划分

项目阶段如下：

* E0：产品定义与需求边界
* E1：基础系统与可复现构建
* E2：A/B 分区与 U-Boot 启动链路
* E3：OTA 正常升级链路
* E4：RAUC + U-Boot bootloader 集成与失败回滚链路
* E5：health check + watchdog + kernel critical capability validation
* E6：随机掉电可靠性测试台
* E7：产品化交付与简历包装

当前我要进入：

# E6：随机掉电可靠性测试台

---

# 三、E6 阶段一句话目标

E6 的一句话目标是：

在 E1–E5 已经完成基础系统、A/B 启动、RAUC OTA、U-Boot fallback、health check、watchdog、watchdog keeper、health fail + watchdog reset + fallback，以及保守裁剪内核验证的基础上，构建一个可重复执行的随机掉电测试台，用 Host PC 脚本控制测试流程、触发 OTA、在随机时间断电、恢复供电、采集串口日志、判断设备最终状态，并自动生成测试报告。

E6 不是继续修改 OTA 主链路，而是验证：

```text
OTA 过程中随机掉电后，设备不能变砖，最终必须回到一个可启动、可识别、可解释、可报告、可继续测试的状态。
```

掉电后不要求每次都升级成功。E6 验证的是系统最终能否进入以下两种一致状态之一：

```text
状态 A：升级成功，新 slot health PASS，mark-good 成功
状态 B：升级失败或中断，系统 fallback 到旧 good slot，仍可继续下一轮 OTA
```

---

# 四、当前真实硬件和系统状态

目标板：

```text
i.MX6ULL 真实开发板
启动介质：SD 卡
调试方式：串口
默认串口：Host PC /dev/ttyUSB0，目标串口 console=ttymxc0,115200
```

分区：

```text
/dev/mmcblk0p2 = rootfs_A
/dev/mmcblk0p3 = rootfs_B
/dev/mmcblk0p4 = data
```

当前 OTA 后端：

```text
RAUC bootloader=uboot
U-Boot BOOT_ORDER
U-Boot BOOT_A_LEFT
U-Boot BOOT_B_LEFT
```

重要限制：

```text
不要依赖 /etc/edgeguard_slot。
/etc/edgeguard_slot 已经被证明有静态误导性，并已从可信判断链路中移除。
当前 slot 的权威来源是 /proc/cmdline 中的 rauc.slot=A/B。
rootfs 一致性必须由 edgeguard-current-slot、findmnt /、/proc/cmdline root= 共同确认。
```

默认控制面：

```text
串口是 E6 默认控制面。
SSH / 网络探测只作为增强路线，不作为第一版依赖。
因为 E5-K 已经裁剪了 Wi-Fi、部分网络/PHY 等能力，E6 不应默认假设目标板网络可用。
```

---

# 五、E1 已完成状态

E1 已完成：

* 使用固定 Buildroot 版本；
* 使用固定 Buildroot defconfig；
* Buildroot 当前主要负责 rootfs；
* 初期使用厂商 U-Boot；
* 初期使用厂商 Linux kernel，E5 后已接受一个保守裁剪 kernel；
* 系统烧录到 SD 卡；
* 开发板可从 SD 卡启动；
* 串口可登录 shell；
* 系统内可读取版本信息。

---

# 六、E2 已完成状态

E2 已完成：

* SD 卡具备 A/B rootfs 分区布局；
* A 槽 rootfs 为 `/dev/mmcblk0p2`；
* B 槽 rootfs 为 `/dev/mmcblk0p3`；
* `/data` 为 `/dev/mmcblk0p4`；
* rootfs_A 可以独立启动；
* rootfs_B 可以独立启动；
* U-Boot 可以选择启动 A/B；
* Linux 用户态可以通过 `/proc/cmdline rauc.slot=A/B` 和 `findmnt /` 识别当前启动槽；
* 已保存 A/B 启动串口日志；
* 已记录分区表和烧录方式。

---

# 七、E3 已完成状态

E3 已完成：

* Host PC 可以构建新版本 rootfs；
* Host PC 可以将 rootfs.tar 封装为 RAUC bundle；
* 目标板可以执行：

```sh
rauc install <bundle>.raucb
```

* RAUC 可以把 bundle 安装到 inactive slot；
* 从新 slot 启动后可以验证：

```sh
cat /etc/edgeguard_version
cat /proc/cmdline
edgeguard-current-slot
findmnt /
findmnt /data
mount | grep /data
rauc status
```

注意：

```text
不要再使用 cat /etc/edgeguard_slot 作为验收项。
```

---

# 八、E4 已完成状态

E4 已完成，失败回滚主责已经迁移到：

```text
RAUC bootloader=uboot
+
U-Boot BOOT_ORDER
+
BOOT_A_LEFT
+
BOOT_B_LEFT
```

当前 E4 已完成：

* RAUC `bootloader=uboot` 已集成；
* `bootcmd=run eg_rauc_boot` 仍然有效；
* U-Boot 使用 `BOOT_ORDER` 决定启动顺序；
* U-Boot 使用 `BOOT_A_LEFT` / `BOOT_B_LEFT` 控制每个 slot 剩余启动尝试次数；
* `fw_printenv` / `fw_setenv` Linux 侧可用；
* A→B 自动 OTA 已通过；
* B→A 自动 OTA 已通过；
* bad signature / untrusted cert bundle 拒绝安装已通过；
* compatible mismatch bundle 拒绝安装已通过；
* wrapper 脚本失败短路已通过；
* 真正的 bad boot rollback 已通过：

```text
坏 slot 被 RAUC 激活
→ U-Boot 多次尝试坏 slot
→ BOOT_<slot>_LEFT 逐次递减
→ BOOT_<slot>_LEFT=0
→ U-Boot fallback 到旧 good slot
```

---

# 九、E5 已完成状态

E5 已完成，当前状态如下：

```text
E4 RAUC + U-Boot fallback still works: PASS
bootcmd=run eg_rauc_boot still valid: PASS
BOOT_ORDER / BOOT_A_LEFT / BOOT_B_LEFT readable: PASS
A slot boot works: PASS
B slot boot works: PASS
health check runs automatically: PASS
health PASS marks good: PASS
health FAIL does not mark good: PASS
watchdog feed ok: PASS
watchdog no-feed reset: PASS
watchdog keeper works: PASS
health fail + watchdog reset + fallback: PASS
kernel capability matrix complete: PASS
trimmed kernel accepted: PASS
serial logs saved: PASS
E5 reports committed: PASS
E5 git tag created: PASS
```

E5-H 结果：

```text
系统启动
→ S99edgeguard-health 自动运行
→ edgeguard-health-check
→ PASS 才执行 rauc status mark-good booted
→ FAIL 不 mark-good
```

E5-W 结果：

```text
/dev/watchdog 和 /dev/watchdog0 存在
imx2-wdt 可用
timeout = 60s
nowayout = 0
edgeguard-watchdog-test --info 正常
edgeguard-watchdog-test --feed 60 5 正常
edgeguard-watchdog-test --no-feed 90 可触发 watchdog reset
edgeguard-watchdog-keeper 可运行
health fail + watchdog reset + U-Boot fallback 已通过
```

E5-K 结果：

```text
接受一个保守裁剪 kernel。
裁剪内容包括：
- SOUND / audio
- V4L2 / multimedia / camera
- Bluetooth
- Wi-Fi / WLAN
- display / GPU
- INPUT / EVDEV / KEYBOARD / TOUCHSCREEN
- unused network / PHY drivers

启动时间：
baseline kernel: 3.4s
trimmed kernel: 2.9s
提升约 15%

E5 全部功能在裁剪 kernel 下复现无异常。
```

这意味着 E6 可以建立在以下能力之上：

```text
RAUC 正常安装可用
U-Boot BOOT_ORDER / BOOT_LEFT fallback 可用
health check 可用
health PASS mark-good 可用
health FAIL 不 mark-good 可用
watchdog reset 可用
watchdog keeper 可用
trimmed kernel 可启动
串口日志可采集
```

---

# 十、E6 阶段边界

E6 只做随机掉电可靠性测试台。

E6 做：

* 设计测试台架构；
* 明确 Host PC 与 Target Board 的职责边界；
* 采集串口日志；
* 支持 manual power cut；
* 后续支持 relay / programmable PSU / uhubctl；
* 触发 OTA；
* 在 OTA 过程中随机断电；
* 恢复供电；
* 等待系统启动；
* 读取 slot、version、RAUC 状态、U-Boot 状态；
* 判断 PASS/FAIL；
* 保存每轮串口日志；
* 保存每轮测试元数据；
* 保存每轮 result JSON；
* 生成 Markdown / JSON / CSV 报告；
* 执行 N 轮随机掉电测试。

E6 不做：

* 不重写 RAUC；
* 不重写 U-Boot fallback；
* 不重写 health check；
* 不重写 watchdog；
* 不继续深度 kernel 裁剪；
* 不做云平台；
* 不做 Web UI；
* 不做多设备管理；
* 不做差分升级；
* 不做生产级电源认证；
* 不做高低温箱；
* 不做复杂电源波形分析；
* 不直接操作 AC 市电；
* 不把“人工救砖后恢复”算作 PASS。

安全边界：

```text
第一版只建议控制低压 DC 侧电源，例如开发板 5V / 12V 输入。
不要直接控制 AC 市电。
如果使用继电器，必须确认电压、电流、隔离、接线和负载能力。
如果电源控制失败，应分类为 infra_fail，而不是 target_fail。
```

---

# 十一、E6 测试台职责边界

## Host PC / Test Controller 负责

* 连接目标板串口；
* 持续采集串口日志；
* 触发目标板执行 OTA；
* 随机选择断电延迟；
* 在 manual 模式下提示用户断电/上电；
* 在 relay / PSU / uhubctl 模式下控制低压 DC 侧电源；
* 恢复供电；
* 等待设备重新启动；
* 通过串口登录 shell；
* 通过串口执行状态探测命令；
* 保存每轮测试数据；
* 生成报告。

## Target Board 负责

* 自己完成 RAUC 安装；
* 自己完成 A/B slot 选择；
* 自己完成 health check；
* 自己完成 watchdog reset；
* 自己完成 U-Boot fallback；
* 自己恢复到 good slot 或新版本 good slot；
* 提供状态查询命令。

## 测试台不负责

* 不修复目标设备；
* 不替代 health check；
* 不替代 watchdog；
* 不替代 U-Boot fallback；
* 不直接修改 bootloader 状态，除非是初始化基线；
* 不在掉电后人工修复系统再算 PASS；
* 不把重新烧录 SD 卡作为测试恢复路径。

---

# 十二、E6 状态探测命令

E6 不再执行：

```sh
cat /etc/edgeguard_slot
```

必须执行：

```sh
cat /etc/edgeguard_version
cat /proc/cmdline
edgeguard-current-slot
findmnt /
findmnt /data
mount | grep /data
rauc status
rauc status --detailed
fw_printenv BOOT_ORDER
fw_printenv BOOT_A_LEFT
fw_printenv BOOT_B_LEFT
dmesg | tail -n 80
```

如 watchdog 相关状态需要采集，可执行：

```sh
ls -l /dev/watchdog*
dmesg | grep -Ei 'watchdog|imx2-wdt|wdt|reset|reboot'
```

---

# 十三、E6 PASS / FAIL 判定

## 单轮 PASS 条件

一轮随机掉电后，只要满足以下条件，即可判定 PASS：

```text
设备最终能启动到 Linux shell
能读取 /etc/edgeguard_version
能通过 /proc/cmdline + edgeguard-current-slot 识别当前 slot
/ 挂载自当前 slot 对应的 rootfs
/data 正常挂载且可写
RAUC 状态可读
BOOT_ORDER / BOOT_A_LEFT / BOOT_B_LEFT 状态可读
系统处于一致状态：
  - 要么升级成功，新版本 health PASS 且 mark-good；
  - 要么升级失败，回滚到旧 good slot；
下一轮 OTA 仍然可以继续执行
```

## 单轮 FAIL 条件

出现以下任一情况，判定 FAIL：

```text
设备无法启动
无限重启
U-Boot 找不到可启动 slot
A/B slot 都不可用
rootfs 无法挂载
/data 无法挂载
RAUC 状态不可读
BOOT_ORDER / BOOT_LEFT 状态混乱
/proc/cmdline rauc.slot 与 findmnt / 不一致
version 与 rootfs/slot 状态无法解释
需要人工重新烧录才能恢复
串口无输出且无法判断状态
测试脚本无法恢复电源控制
```

分类建议：

```text
upgrade_success
rollback_success
boot_recovered
install_interrupted_but_recovered
target_unreachable
infinite_reboot
data_mount_fail
rauc_state_fail
slot_mismatch
bootvars_invalid
infra_fail
unknown_fail
```

---

# 十四、E6 推荐测试阶段分层

请按以下层级推进，不要一开始就做 100 轮。

## Level 0：纯串口与状态探测演练

目标：

* 不做 OTA；
* 不做断电；
* 只验证串口 logger；
* 只验证串口登录；
* 只验证状态探测；
* 生成一次 baseline JSON。

通过条件：

```text
能保存 UART log
能看到 U-Boot + kernel + userspace 日志
能登录 shell
能执行状态探测命令
能生成 baseline_probe.json
```

## Level 1：manual power cut 演练

目标：

* 人工断电/上电；
* 脚本负责提示、计时、采集串口、恢复后 probe；
* 不要求继电器。

通过条件：

```text
power off 后串口停止输出
power on 后 U-Boot 重新输出
恢复后能进入 shell
能生成 round result JSON
```

## Level 2：单轮 OTA 随机掉电

目标：

* 触发一次 OTA；
* 在 1~180 秒之间随机 sleep；
* 提示或控制断电；
* 恢复供电；
* 判断最终状态。

通过条件：

```text
有 round_001_uart.log
有 round_001_meta.json
有 round_001_result.json
结果为 PASS 或明确 FAIL 分类
```

## Level 3：10 轮随机掉电

目标：

* 完成 E6 最小验收；
* 每轮有日志；
* 每轮有 JSON；
* 最终生成 Markdown / CSV / JSON summary；
* 没有需要重新烧录才能恢复的未知失败。

## Level 4：30 轮增强测试

目标：

* 产品化演示增强；
* 报告统计稳定；
* 失败分类清晰；
* 可以形成简历和面试材料。

## Level 5：按关键字断电，后续增强

目标：

根据串口日志关键字触发断电，例如：

```text
rauc install
installing
writing
slot
mark-good
reboot
health
watchdog
BOOT_ORDER
BOOT_A_LEFT
BOOT_B_LEFT
```

第一版 E6 最小通过只要求 Level 2 + 10 轮 Level 3。

---

# 十五、E6 推荐断电注入点

第一版随机覆盖，不要求精确 hook RAUC 内部状态：

```text
1. OTA 前断电
2. bundle copy 到 /data 过程中断电
3. rauc install 启动后断电
4. RAUC 写 inactive rootfs 过程中断电
5. RAUC 安装完成但 reboot 前断电
6. U-Boot 第一次启动新 slot 前断电
7. 新 slot kernel 启动中断电
8. 新 slot health check 前断电
9. health check 通过但 mark-good 前断电
10. mark-good 后断电
11. fallback 过程中断电
```

第一版实现方式：

```text
触发 OTA 后，在 1~180 秒之间随机断电。
```

增强实现方式：

```text
根据串口日志关键字触发断电。
```

---

# 十六、E6 最小交付物

E6 完成时，至少要产出：

```text
edgeguard-ota/
├── docs/
│   ├── E6_powercut_testbench_design.md
│   ├── E6_test_scope.md
│   ├── E6_power_control.md
│   ├── E6_serial_logging.md
│   ├── E6_result_judgement.md
│   ├── E6_test_matrix.md
│   └── E6_known_issues.md
├── configs/
│   ├── e6_test_config.yaml
│   ├── e6_power_control_config.yaml
│   ├── e6_serial_config.yaml
│   └── e6_pass_fail_rules.md
├── scripts/
│   ├── e6_powercut_runner.py
│   ├── e6_serial_logger.py
│   ├── e6_power_control.py
│   ├── e6_target_probe.py
│   ├── e6_result_judge.py
│   ├── e6_report_generator.py
│   ├── e6_manual_powercut_runner.py
│   └── e6_recover_baseline.sh
├── reports/
│   ├── E6_powercut_summary.md
│   ├── E6_powercut_results.json
│   ├── E6_powercut_results.csv
│   ├── E6_failure_analysis.md
│   └── logs/
│       ├── round_001_uart.log
│       ├── round_001_meta.json
│       ├── round_001_result.json
│       ├── round_002_uart.log
│       ├── round_002_meta.json
│       ├── round_002_result.json
│       └── ...
├── tests/
│   ├── E6_test_matrix.csv
│   ├── E6_test_plan.md
│   └── E6_recovery_checklist.md
└── README.md
```

---

# 十七、E6 配置要求

请帮我设计 `configs/e6_test_config.yaml`。

默认配置如下：

```yaml
target:
  name: imx6ull-edgeguard
  serial_port: /dev/ttyUSB0
  baudrate: 115200
  boot_timeout_sec: 180
  login_timeout_sec: 120
  prompt_regex: "#|\\$"
  primary_probe: serial
  ssh_enabled: false

slots:
  slot_a_device: /dev/mmcblk0p2
  slot_b_device: /dev/mmcblk0p3
  data_device: /dev/mmcblk0p4
  slot_authority: proc_cmdline_rauc_slot
  slot_probe_command: edgeguard-current-slot

power:
  mode: manual
  off_duration_sec: 5
  on_boot_wait_sec: 10
  relay_command_off: ""
  relay_command_on: ""
  psu_command_off: ""
  psu_command_on: ""
  uhubctl_location: ""
  uhubctl_port: ""

ota:
  bundle_path_on_host: bundles/output/edgeguard-update-e6.raucb
  bundle_path_on_target: /data/edgeguard-update-e6.raucb
  pre_stage_bundle: true
  install_command: edgeguard-ota-install /data/edgeguard-update-e6.raucb
  fallback_install_command: rauc install /data/edgeguard-update-e6.raucb

test:
  rounds: 10
  random_cut_min_sec: 1
  random_cut_max_sec: 180
  seed: 12345
  stop_on_fail: false
  continue_after_recovered_fail: true
  require_no_rescue_flash: true

report:
  output_dir: reports
  log_dir: reports/logs
  save_uart_log: true
  save_json: true
  save_csv: true
  save_markdown: true
```

要求：

* 支持固定 seed，保证随机测试可复现；
* 支持 manual 模式，先不依赖硬件继电器；
* 支持后续扩展 relay / PSU / uhubctl；
* 所有路径可配置；
* SSH 默认关闭；
* 状态探测默认通过串口；
* 不再使用 `/etc/edgeguard_slot`。

---

# 十八、E6 power control 要求

请帮我设计 `scripts/e6_power_control.py`。

必须支持以下模式：

## manual 模式

行为：

```text
提示用户手动断电
等待用户确认
记录 power_off 时间
提示用户恢复供电
等待用户确认
记录 power_on 时间
```

用于没有继电器时的降级测试。

## relay 模式

行为：

```text
调用外部命令或 Python 接口控制 USB relay
power_off()
sleep(off_duration)
power_on()
```

## programmable_psu 模式

行为：

```text
调用电源命令关闭输出
等待 off_duration
开启输出
```

## uhubctl 模式，可选

行为：

```text
调用 uhubctl 控制 USB 端口供电
```

注意：

* 不要直接控制 AC 市电；
* 第一版优先低压 DC 侧；
* 每次 power off/on 都必须写日志；
* 如果控制失败，必须标记本轮为 infra_fail，而不是 target_fail；
* manual 模式必须足够好，不能只是占位符。

---

# 十九、E6 serial logger 要求

请帮我设计 `scripts/e6_serial_logger.py`。

要求：

* 使用 Python；
* 使用 pySerial；
* 支持串口设备参数；
* 支持波特率参数；
* 支持 timeout；
* 支持保存到指定 log 文件；
* 支持时间戳；
* 支持后台线程持续采集；
* 支持停止采集；
* 支持检测关键字；
* 支持 flush；
* 支持保存原始日志，不要只保存解析结果。

串口日志文件格式建议：

```text
[2026-xx-xx 12:01:02.123] U-Boot ...
[2026-xx-xx 12:01:03.456] Linux ...
```

还要支持在 runner 中实时检测这些关键字：

```text
U-Boot
Starting kernel
Linux version
rauc
installing
BOOT_ORDER
health
watchdog
login:
#
```

---

# 二十、E6 target probe 要求

请帮我设计 `scripts/e6_target_probe.py`。

目标：

恢复供电后，通过串口判断设备最终状态。

优先通过串口执行命令。SSH 是增强路线，默认关闭。

必须执行的命令：

```sh
cat /etc/edgeguard_version
cat /proc/cmdline
edgeguard-current-slot
findmnt /
findmnt /data
mount | grep /data
rauc status
rauc status --detailed
fw_printenv BOOT_ORDER
fw_printenv BOOT_A_LEFT
fw_printenv BOOT_B_LEFT
dmesg | tail -n 80
```

禁止把下面命令作为必需项：

```sh
cat /etc/edgeguard_slot
```

输出 JSON 至少包含：

```json
{
  "reachable": true,
  "slot": "A",
  "slot_source": "rauc.slot",
  "version": "0.6.0-e6",
  "cmdline": "...",
  "rootfs": "/dev/mmcblk0p2",
  "rootfs_matches_slot": true,
  "data_mounted": true,
  "data_writable": true,
  "rauc_status_ok": true,
  "boot_order": "A B",
  "boot_a_left": "3",
  "boot_b_left": "0",
  "health": "pass",
  "watchdog_reset_observed": false,
  "probe_method": "serial",
  "raw_outputs": {}
}
```

---

# 二十一、E6 result judge 要求

请帮我设计 `scripts/e6_result_judge.py`。

输入：

* round metadata；
* target probe JSON；
* UART log path；
* expected new version；
* previous slot；
* previous version；
* expected inactive slot；
* cut delay；
* power off duration；
* OTA command result，如果断电前能读到；
* 是否观察到 U-Boot 重启；
* 是否观察到 watchdog reset 或 fallback 迹象。

输出：

```json
{
  "round": 1,
  "result": "PASS",
  "classification": "rollback_success",
  "cut_delay_sec": 37.2,
  "power_off_duration_sec": 5,
  "before_slot": "A",
  "after_slot": "A",
  "before_version": "0.5.0-e6",
  "after_version": "0.5.0-e6",
  "ota_result": "rolled_back",
  "reason": "System booted old good slot after interrupted OTA",
  "requires_manual_reflash": false,
  "log_path": "reports/logs/round_001_uart.log"
}
```

分类建议：

```text
upgrade_success
rollback_success
install_interrupted_but_recovered
boot_recovered
target_unreachable
infinite_reboot
data_mount_fail
rauc_state_fail
slot_mismatch
bootvars_invalid
infra_fail
unknown_fail
```

判定原则：

```text
PASS 不等于升级成功。
PASS 表示系统最终处于可启动、可解释、可继续测试的状态。
```

---

# 二十二、E6 runner 要求

请帮我设计 `scripts/e6_powercut_runner.py`。

要求：

* 读取 YAML 配置；
* 初始化串口 logger；
* 记录 round id；
* 每轮测试前 probe baseline；
* 确认 bundle 已存在于 `/data`；
* 如 bundle 不存在，提示用户预置，不默认依赖网络传输；
* 触发 OTA 命令；
* 随机选择断电时间；
* 执行 power off；
* 等待 off duration；
* 执行 power on；
* 等待 boot timeout；
* 通过串口 probe target 状态；
* 调用 result judge；
* 保存每轮：

  * `round_XXX_uart.log`
  * `round_XXX_meta.json`
  * `round_XXX_result.json`
* 支持 `--rounds`；
* 支持 `--seed`；
* 支持 `--dry-run`；
* 支持 `--manual-power`；
* 支持 `--stop-on-fail`；
* 支持断点续跑；
* 最后生成 summary。

注意：

```text
第一版不要默认 scp bundle，因为目标 kernel 已裁剪网络/Wi-Fi。
如果后续恢复网络能力，SSH/scp 可以作为增强路径。
```

---

# 二十三、E6 report generator 要求

请帮我设计 `scripts/e6_report_generator.py`。

输入：

```text
reports/logs/round_*_result.json
reports/logs/round_*_meta.json
reports/logs/round_*_uart.log
```

输出：

```text
reports/E6_powercut_summary.md
reports/E6_powercut_results.json
reports/E6_powercut_results.csv
reports/E6_failure_analysis.md
```

Markdown 报告至少包含：

```text
测试环境
硬件连接
软件版本
裁剪 kernel 摘要
RAUC 配置摘要
U-Boot BOOT_ORDER 机制摘要
health check 摘要
watchdog 摘要
kernel capability 摘要
测试轮数
PASS/FAIL 统计
每轮断电时间
每轮恢复结果
升级成功次数
回滚成功次数
失败分类
典型串口日志摘录
问题列表
结论
```

CSV 字段建议：

```text
round,result,classification,cut_delay_sec,power_off_duration_sec,before_slot,after_slot,before_version,after_version,boot_order,boot_a_left,boot_b_left,recovery_time_sec,requires_manual_reflash,log_path
```

---

# 二十四、E6 技术设计草图要求

请用 ASCII 图画出 E6 的测试台架构。

必须包含：

```text
Host PC
├── e6_powercut_runner.py
├── e6_serial_logger.py
├── e6_power_control.py
├── e6_target_probe.py
├── e6_result_judge.py
└── e6_report_generator.py

Connections
├── USB serial → i.MX6ULL UART
├── Power control → target low-voltage DC input
└── optional network / SSH, disabled by default

Target
├── U-Boot BOOT_ORDER / BOOT_A_LEFT / BOOT_B_LEFT
├── rootfs_A: /dev/mmcblk0p2
├── rootfs_B: /dev/mmcblk0p3
├── /data: /dev/mmcblk0p4
├── RAUC
├── edgeguard-current-slot
├── S99edgeguard-health
├── watchdog keeper
└── trimmed kernel
```

还要画出单轮测试流程：

```text
baseline probe
→ ensure bundle staged on /data
→ trigger OTA
→ random delay
→ power off
→ power on
→ collect boot log
→ probe state
→ judge result
→ save report
```

---

# 二十五、E6 最小验证实验

请把 E6 拆成以下实验。

## 实验 1：串口日志采集

目标：

证明 Host PC 能稳定采集 U-Boot + Linux 日志。

通过条件：

```text
上电启动日志完整保存
日志包含 U-Boot
日志包含 kernel
日志包含 login shell 或用户态启动
logger 能 flush
日志文件有时间戳
```

## 实验 2：状态探测

目标：

证明恢复后可以通过串口读取目标状态。

通过条件：

```text
能读取 version
能读取 /proc/cmdline
能执行 edgeguard-current-slot
能读取 findmnt /
能读取 findmnt /data
能读取 RAUC status
能读取 BOOT_ORDER / BOOT_LEFT
能生成 probe JSON
```

## 实验 3：manual power cut

目标：

证明即使没有继电器，也可以完成可记录的断电/上电测试。

通过条件：

```text
脚本提示断电
用户手动断电
串口停止输出
脚本提示上电
用户手动上电
U-Boot 重新输出
恢复后可 probe
```

## 实验 4：单轮 OTA 随机掉电

目标：

完成 1 轮真实 OTA 随机掉电。

通过条件：

```text
有 round_001_uart.log
有 round_001_meta.json
有 round_001_result.json
结果为 PASS 或明确 FAIL 分类
```

## 实验 5：10 轮随机掉电

目标：

完成最小 E6 验收。

通过条件：

```text
完成 10 轮
每轮有 UART log
每轮有 meta JSON
每轮有 result JSON
生成 summary Markdown
生成 CSV
没有需要重新烧录才能恢复的未知失败
```

## 实验 6：30 轮增强测试

目标：

产品化演示增强项。

通过条件：

```text
完成 30 轮
报告统计稳定
失败分类清晰
可形成项目展示材料
```

---

# 二十六、E6 常见坑和排查路线

请你在每轮方案里主动提醒我这些坑。

## 1. 串口日志丢失

排查：

* 串口设备是否正确；
* 波特率是否 115200；
* 用户是否有串口权限；
* pySerial 是否安装；
* 是否有 minicom/picocom 占用串口；
* USB 串口是否掉线；
* logger 是否及时 flush；
* power cut 时 logger 是否仍在运行。

## 2. 电源控制不稳定

排查：

* relay 是否能承受目标板电流；
* 是否控制低压 DC 侧；
* 是否误控 AC 市电；
* relay off 后目标板是否真的掉电；
* 是否存在电容导致未完全断电；
* off duration 是否太短；
* power on 后等待时间是否足够。

## 3. 断电后无法启动

排查：

* U-Boot 是否有输出；
* 是否处于预期 bad boot/fallback；
* BOOT_ORDER 是否合理；
* BOOT_A_LEFT / BOOT_B_LEFT 是否耗尽；
* rootfs 是否损坏；
* `/data` 是否损坏；
* 是否需要人工恢复才算 FAIL。

## 4. RAUC 状态异常

排查：

* `rauc status` 是否可读；
* `system.conf` 是否正确；
* bootname 是否 A/B；
* `/proc/cmdline` 是否有 `rauc.slot`;
* `edgeguard-current-slot` 是否正常；
* BOOT_ORDER 是否和 RAUC 状态一致。

## 5. `/data` 挂载失败

排查：

* `/dev/mmcblk0p4` 是否存在；
* ext4 是否完整；
* fstab 是否正确；
* 是否掉电导致 journal recovery；
* dmesg 是否有 ext4 error。

## 6. 判断脚本误判

排查：

* probe 命令是否执行成功；
* prompt 检测是否可靠；
* 串口登录是否阻塞；
* JSON 字段是否缺失；
* PASS/FAIL 规则是否过宽或过严；
* 是否错误依赖 `/etc/edgeguard_slot`。

## 7. 设备进入无限重启

排查：

* watchdog 是否不断 reset；
* health check 是否一直失败；
* BOOT_LEFT 是否被反复重置；
* mark-good 是否未执行；
* fallback 是否无法到达 good slot；
* `/data` 中是否残留 force_fail 或测试开关。

---

# 二十七、E6 降级策略

如果时间不够，最低保留：

* 串口日志自动采集；
* manual power cut 模式；
* 状态探测；
* 单轮随机掉电；
* 10 轮测试；
* 每轮 JSON 结果；
* Markdown summary；
* CSV summary；
* PASS/FAIL 分类；
* 无需重新烧录即可恢复。

可以暂时砍掉：

* USB relay 自动控制；
* 可编程电源；
* uhubctl；
* 按关键字断电；
* SSH probe；
* 自动 bundle 传输；
* 30/100 轮测试；
* HTML 报告；
* 图表；
* 多设备测试；
* Web UI。

如果电源硬件不可用，E6 仍可通过 manual 模式：

```text
脚本提示“现在断电”
用户手动断电
脚本提示“现在上电”
用户手动上电
脚本继续采集日志和判断结果
```

---

# 二十八、E6 完成后如何进入 E7

E7 的入口条件至少包括：

* E6 至少完成 10 轮随机掉电测试；
* 每轮有 UART log；
* 每轮有 meta JSON；
* 每轮有 result JSON；
* 有 summary Markdown 报告；
* 有 CSV 结果；
* 有 failure analysis；
* 测试台设计文档已完成；
* power control 方式已记录；
* serial logging 方式已记录；
* PASS/FAIL 规则已记录；
* E1–E5 主链路在 E6 后仍可用；
* 没有需要重新烧录才能恢复的未知失败；
* 已提交 Git；
* 已创建 E6 tag。

E7 再做：

* 最终 README；
* release 包；
* 演示视频脚本；
* 简历项目描述；
* 架构图整理；
* 面试讲稿；
* 可复现交付文档。

---

# 二十九、请你现在开始执行

请按上面的要求，直接给我 E6 的第一轮执行方案。

第一轮只做：

```text
Step 0：冻结 E5 final baseline
Step 1：设计 E6 测试台架构
Step 2：设计 configs/e6_test_config.yaml
Step 3：设计 scripts/e6_serial_logger.py
Step 4：设计 scripts/e6_target_probe.py
Step 5：设计 scripts/e6_power_control.py 的 manual 模式
Step 6：设计 Level 0 / Level 1 最小验证实验
```

第一轮不要做：

```text
不要马上写完整 10 轮 runner
不要马上做 relay 控制
不要马上做按关键字断电
不要马上做 30/100 轮
不要默认 SSH 可用
不要依赖 /etc/edgeguard_slot
不要继续修改 RAUC/U-Boot/health/watchdog/kernel 主链路
```

输出结构必须固定为：

```text
1. 本阶段一句话目标
2. E6 架构设计
3. 具体执行步骤
4. 推荐命令
5. Level 0 / Level 1 最小验证实验
```

请给我可以直接复制执行的命令、Python 脚本模板、YAML 配置模板和 Markdown 文档模板。不要只讲概念。
